<?xml version="1.0" encoding="UTF-8"?>
<testng-results skipped="0" failed="0" total="1" passed="1">
  <reporter-output>
  </reporter-output>
  <suite name="Default suite" duration-ms="32" started-at="2018-05-31T06:29:51Z" finished-at="2018-05-31T06:29:51Z">
    <groups>
    </groups>
    <test name="Default test" duration-ms="32" started-at="2018-05-31T06:29:51Z" finished-at="2018-05-31T06:29:51Z">
      <class name="jiekou3.y.Thr">
        <test-method status="PASS" signature="aa()[pri:0, instance:jiekou3.y.Thr@18355a8]" name="aa" duration-ms="16" started-at="2018-05-31T14:29:51Z" finished-at="2018-05-31T14:29:51Z">
          <reporter-output>
          </reporter-output>
        </test-method> <!-- aa -->
      </class> <!-- jiekou3.y.Thr -->
    </test> <!-- Default test -->
  </suite> <!-- Default suite -->
</testng-results>
