<?xml version="1.0" encoding="UTF-8"?>
<testng-results skipped="0" failed="0" total="2" passed="2">
  <reporter-output>
  </reporter-output>
  <suite name="Default suite" duration-ms="62" started-at="2018-05-31T05:14:45Z" finished-at="2018-05-31T05:14:46Z">
    <groups>
    </groups>
    <test name="Default test" duration-ms="62" started-at="2018-05-31T05:14:45Z" finished-at="2018-05-31T05:14:46Z">
      <class name="first.Two">
        <test-method status="PASS" signature="f()[pri:0, instance:first.Two@1fa1d9b]" name="f" duration-ms="31" started-at="2018-05-31T13:14:46Z" finished-at="2018-05-31T13:14:46Z">
          <reporter-output>
          </reporter-output>
        </test-method> <!-- f -->
      </class> <!-- first.Two -->
      <class name="first.First">
        <test-method status="PASS" signature="f()[pri:0, instance:first.First@3884b2]" name="f" duration-ms="0" started-at="2018-05-31T13:14:46Z" finished-at="2018-05-31T13:14:46Z">
          <reporter-output>
          </reporter-output>
        </test-method> <!-- f -->
      </class> <!-- first.First -->
    </test> <!-- Default test -->
  </suite> <!-- Default suite -->
</testng-results>
