<?xml version="1.0" encoding="UTF-8"?>
<testng-results skipped="0" failed="0" total="1" passed="1">
  <reporter-output>
  </reporter-output>
  <suite name="Default suite" duration-ms="63" started-at="2018-05-31T03:19:33Z" finished-at="2018-05-31T03:19:33Z">
    <groups>
    </groups>
    <test name="Default test" duration-ms="63" started-at="2018-05-31T03:19:33Z" finished-at="2018-05-31T03:19:33Z">
      <class name="first.First">
        <test-method status="PASS" signature="beforeMethod()[pri:0, instance:first.First@653222]" name="beforeMethod" is-config="true" duration-ms="15" started-at="2018-05-31T11:19:33Z" finished-at="2018-05-31T11:19:33Z">
          <reporter-output>
          </reporter-output>
        </test-method> <!-- beforeMethod -->
        <test-method status="PASS" signature="firstTest()[pri:0, instance:first.First@653222]" name="firstTest" duration-ms="16" started-at="2018-05-31T11:19:33Z" finished-at="2018-05-31T11:19:33Z">
          <reporter-output>
          </reporter-output>
        </test-method> <!-- firstTest -->
        <test-method status="PASS" signature="afterMethod()[pri:0, instance:first.First@653222]" name="afterMethod" is-config="true" duration-ms="0" started-at="2018-05-31T11:19:33Z" finished-at="2018-05-31T11:19:33Z">
          <reporter-output>
          </reporter-output>
        </test-method> <!-- afterMethod -->
      </class> <!-- first.First -->
    </test> <!-- Default test -->
  </suite> <!-- Default suite -->
</testng-results>
